[2018-07-26T22:57:56.544] [INFO] http - ::1 - - "GET / HTTP/1.1" 200 666 "" "Mozilla/5.0 (Windows NT 10.0; Win64; x64) AppleWebKit/537.36 (KHTML, like Gecko) Chrome/66.0.3359.181 Safari/537.36"
[2018-07-26T22:57:56.683] [INFO] http - ::1 - - "GET /static/css/app.77a2beda8eaf76388aa2d0d9c3b13bfc.css HTTP/1.1" 200 9520 "http://localhost:3000/" "Mozilla/5.0 (Windows NT 10.0; Win64; x64) AppleWebKit/537.36 (KHTML, like Gecko) Chrome/66.0.3359.181 Safari/537.36"
[2018-07-26T22:57:56.691] [INFO] http - ::1 - - "GET /static/js/manifest.2ae2e69a05c33dfc65f8.js HTTP/1.1" 200 857 "http://localhost:3000/" "Mozilla/5.0 (Windows NT 10.0; Win64; x64) AppleWebKit/537.36 (KHTML, like Gecko) Chrome/66.0.3359.181 Safari/537.36"
[2018-07-26T22:57:56.791] [INFO] http - ::1 - - "GET /static/js/vendor.243cb2a0c7b566170af1.js HTTP/1.1" 200 154409 "http://localhost:3000/" "Mozilla/5.0 (Windows NT 10.0; Win64; x64) AppleWebKit/537.36 (KHTML, like Gecko) Chrome/66.0.3359.181 Safari/537.36"
[2018-07-26T22:57:56.890] [INFO] http - ::1 - - "GET /static/js/app.73dde913238b1392d353.js HTTP/1.1" 200 1076118 "http://localhost:3000/" "Mozilla/5.0 (Windows NT 10.0; Win64; x64) AppleWebKit/537.36 (KHTML, like Gecko) Chrome/66.0.3359.181 Safari/537.36"
[2018-07-26T22:57:58.913] [ERROR] http - ::1 - - "GET /favicon.ico HTTP/1.1" 404 985 "http://localhost:3000/" "Mozilla/5.0 (Windows NT 10.0; Win64; x64) AppleWebKit/537.36 (KHTML, like Gecko) Chrome/66.0.3359.181 Safari/537.36"
[2018-07-26T22:58:00.978] [INFO] http - ::1 - - "POST /api/player/getRecentMatchesByAccount HTTP/1.1" 200 13 "http://localhost:3000/" "Mozilla/5.0 (Windows NT 10.0; Win64; x64) AppleWebKit/537.36 (KHTML, like Gecko) Chrome/66.0.3359.181 Safari/537.36"
[2018-07-26T22:58:03.844] [INFO] http - ::1 - - "POST /api/player/getUserInfoByAccount HTTP/1.1" 200 572 "http://localhost:3000/" "Mozilla/5.0 (Windows NT 10.0; Win64; x64) AppleWebKit/537.36 (KHTML, like Gecko) Chrome/66.0.3359.181 Safari/537.36"
[2018-07-26T22:58:16.022] [INFO] http - ::1 - - "POST /api/player/getUserInfoByAccount HTTP/1.1" 200 931 "http://localhost:3000/" "Mozilla/5.0 (Windows NT 10.0; Win64; x64) AppleWebKit/537.36 (KHTML, like Gecko) Chrome/66.0.3359.181 Safari/537.36"
[2018-07-26T22:58:16.078] [INFO] http - ::1 - - "GET /static/img/rank/rank_star_3.png HTTP/1.1" 200 4646 "http://localhost:3000/" "Mozilla/5.0 (Windows NT 10.0; Win64; x64) AppleWebKit/537.36 (KHTML, like Gecko) Chrome/66.0.3359.181 Safari/537.36"
[2018-07-26T22:58:16.089] [INFO] http - ::1 - - "GET /static/img/rank/rank_icon_3.png HTTP/1.1" 200 61995 "http://localhost:3000/" "Mozilla/5.0 (Windows NT 10.0; Win64; x64) AppleWebKit/537.36 (KHTML, like Gecko) Chrome/66.0.3359.181 Safari/537.36"
[2018-07-26T22:58:18.362] [WARN] http - ::1 - - "GET /static/css/app.77a2beda8eaf76388aa2d0d9c3b13bfc.css HTTP/1.1" 304 - "http://localhost:3000/" "Mozilla/5.0 (Windows NT 10.0; Win64; x64) AppleWebKit/537.36 (KHTML, like Gecko) Chrome/66.0.3359.181 Safari/537.36"
[2018-07-26T22:58:18.380] [INFO] http - ::1 - - "GET /static/js/manifest.2ae2e69a05c33dfc65f8.js.map HTTP/1.1" 200 4972 "" "Mozilla/5.0 (Windows NT 10.0; Win64; x64) AppleWebKit/537.36 (KHTML, like Gecko) Chrome/66.0.3359.181 Safari/537.36"
[2018-07-26T22:58:18.451] [INFO] http - ::1 - - "GET /static/css/app.77a2beda8eaf76388aa2d0d9c3b13bfc.css.map HTTP/1.1" 200 20698 "" "Mozilla/5.0 (Windows NT 10.0; Win64; x64) AppleWebKit/537.36 (KHTML, like Gecko) Chrome/66.0.3359.181 Safari/537.36"
[2018-07-26T22:58:18.529] [INFO] http - ::1 - - "GET /static/js/vendor.243cb2a0c7b566170af1.js.map HTTP/1.1" 200 744313 "" "Mozilla/5.0 (Windows NT 10.0; Win64; x64) AppleWebKit/537.36 (KHTML, like Gecko) Chrome/66.0.3359.181 Safari/537.36"
[2018-07-26T22:58:18.690] [INFO] http - ::1 - - "GET /static/js/app.73dde913238b1392d353.js.map HTTP/1.1" 200 2010234 "" "Mozilla/5.0 (Windows NT 10.0; Win64; x64) AppleWebKit/537.36 (KHTML, like Gecko) Chrome/66.0.3359.181 Safari/537.36"
[2018-07-26T23:04:20.966] [WARN] http - ::1 - - "GET / HTTP/1.1" 304 - "" "Mozilla/5.0 (Windows NT 10.0; Win64; x64) AppleWebKit/537.36 (KHTML, like Gecko) Chrome/66.0.3359.181 Safari/537.36"
[2018-07-26T23:04:20.979] [WARN] http - ::1 - - "GET /static/css/app.77a2beda8eaf76388aa2d0d9c3b13bfc.css HTTP/1.1" 304 - "http://localhost:3000/" "Mozilla/5.0 (Windows NT 10.0; Win64; x64) AppleWebKit/537.36 (KHTML, like Gecko) Chrome/66.0.3359.181 Safari/537.36"
[2018-07-26T23:04:20.980] [WARN] http - ::1 - - "GET /static/js/manifest.2ae2e69a05c33dfc65f8.js HTTP/1.1" 304 - "http://localhost:3000/" "Mozilla/5.0 (Windows NT 10.0; Win64; x64) AppleWebKit/537.36 (KHTML, like Gecko) Chrome/66.0.3359.181 Safari/537.36"
[2018-07-26T23:04:20.980] [WARN] http - ::1 - - "GET /static/js/vendor.243cb2a0c7b566170af1.js HTTP/1.1" 304 - "http://localhost:3000/" "Mozilla/5.0 (Windows NT 10.0; Win64; x64) AppleWebKit/537.36 (KHTML, like Gecko) Chrome/66.0.3359.181 Safari/537.36"
[2018-07-26T23:04:20.981] [WARN] http - ::1 - - "GET /static/js/app.73dde913238b1392d353.js HTTP/1.1" 304 - "http://localhost:3000/" "Mozilla/5.0 (Windows NT 10.0; Win64; x64) AppleWebKit/537.36 (KHTML, like Gecko) Chrome/66.0.3359.181 Safari/537.36"
[2018-07-26T23:04:27.303] [INFO] http - ::1 - - "POST /api/player/getUserInfoByAccount HTTP/1.1" 200 931 "http://localhost:3000/" "Mozilla/5.0 (Windows NT 10.0; Win64; x64) AppleWebKit/537.36 (KHTML, like Gecko) Chrome/66.0.3359.181 Safari/537.36"
[2018-07-26T23:04:27.310] [WARN] http - ::1 - - "GET /static/img/rank/rank_icon_3.png HTTP/1.1" 304 - "http://localhost:3000/" "Mozilla/5.0 (Windows NT 10.0; Win64; x64) AppleWebKit/537.36 (KHTML, like Gecko) Chrome/66.0.3359.181 Safari/537.36"
[2018-07-26T23:04:27.310] [WARN] http - ::1 - - "GET /static/img/rank/rank_star_3.png HTTP/1.1" 304 - "http://localhost:3000/" "Mozilla/5.0 (Windows NT 10.0; Win64; x64) AppleWebKit/537.36 (KHTML, like Gecko) Chrome/66.0.3359.181 Safari/537.36"
[2018-07-26T23:04:28.297] [INFO] http - ::1 - - "POST /api/player/getRecentMatchesByAccount HTTP/1.1" 200 14 "http://localhost:3000/" "Mozilla/5.0 (Windows NT 10.0; Win64; x64) AppleWebKit/537.36 (KHTML, like Gecko) Chrome/66.0.3359.181 Safari/537.36"
[2018-07-26T23:04:44.429] [INFO] http - ::1 - - "GET /api/player/getAllMatches/121320102 HTTP/1.1" 200 3038783 "http://localhost:3000/" "Mozilla/5.0 (Windows NT 10.0; Win64; x64) AppleWebKit/537.36 (KHTML, like Gecko) Chrome/66.0.3359.181 Safari/537.36"
[2018-07-26T23:04:45.237] [INFO] http - ::1 - - "GET /static/img/hero_icon/rattletrap_hphover.png HTTP/1.1" 200 46563 "http://localhost:3000/" "Mozilla/5.0 (Windows NT 10.0; Win64; x64) AppleWebKit/537.36 (KHTML, like Gecko) Chrome/66.0.3359.181 Safari/537.36"
[2018-07-26T23:04:45.238] [INFO] http - ::1 - - "GET /static/img/hero_icon/ursa_hphover.png HTTP/1.1" 200 46720 "http://localhost:3000/" "Mozilla/5.0 (Windows NT 10.0; Win64; x64) AppleWebKit/537.36 (KHTML, like Gecko) Chrome/66.0.3359.181 Safari/537.36"
[2018-07-26T23:04:45.257] [INFO] http - ::1 - - "GET /static/img/hero_icon/witch_doctor_hphover.png HTTP/1.1" 200 46798 "http://localhost:3000/" "Mozilla/5.0 (Windows NT 10.0; Win64; x64) AppleWebKit/537.36 (KHTML, like Gecko) Chrome/66.0.3359.181 Safari/537.36"
[2018-07-26T23:04:45.280] [INFO] http - ::1 - - "GET /static/img/hero_icon/earthshaker_hphover.png HTTP/1.1" 200 48097 "http://localhost:3000/" "Mozilla/5.0 (Windows NT 10.0; Win64; x64) AppleWebKit/537.36 (KHTML, like Gecko) Chrome/66.0.3359.181 Safari/537.36"
[2018-07-26T23:04:45.311] [INFO] http - ::1 - - "GET /static/img/hero_icon/life_stealer_hphover.png HTTP/1.1" 200 47239 "http://localhost:3000/" "Mozilla/5.0 (Windows NT 10.0; Win64; x64) AppleWebKit/537.36 (KHTML, like Gecko) Chrome/66.0.3359.181 Safari/537.36"
[2018-07-26T23:04:45.315] [INFO] http - ::1 - - "GET /static/img/hero_icon/obsidian_destroyer_hphover.png HTTP/1.1" 200 48874 "http://localhost:3000/" "Mozilla/5.0 (Windows NT 10.0; Win64; x64) AppleWebKit/537.36 (KHTML, like Gecko) Chrome/66.0.3359.181 Safari/537.36"
[2018-07-26T23:04:45.330] [INFO] http - ::1 - - "GET /static/img/hero_icon/kunkka_hphover.png HTTP/1.1" 200 47169 "http://localhost:3000/" "Mozilla/5.0 (Windows NT 10.0; Win64; x64) AppleWebKit/537.36 (KHTML, like Gecko) Chrome/66.0.3359.181 Safari/537.36"
[2018-07-26T23:04:45.334] [INFO] http - ::1 - - "GET /static/img/hero_icon/silencer_hphover.png HTTP/1.1" 200 47592 "http://localhost:3000/" "Mozilla/5.0 (Windows NT 10.0; Win64; x64) AppleWebKit/537.36 (KHTML, like Gecko) Chrome/66.0.3359.181 Safari/537.36"
[2018-07-26T23:04:45.363] [INFO] http - ::1 - - "GET /static/img/hero_icon/slardar_hphover.png HTTP/1.1" 200 46833 "http://localhost:3000/" "Mozilla/5.0 (Windows NT 10.0; Win64; x64) AppleWebKit/537.36 (KHTML, like Gecko) Chrome/66.0.3359.181 Safari/537.36"
[2018-07-26T23:04:45.372] [INFO] http - ::1 - - "GET /static/img/hero_icon/enchantress_hphover.png HTTP/1.1" 200 47641 "http://localhost:3000/" "Mozilla/5.0 (Windows NT 10.0; Win64; x64) AppleWebKit/537.36 (KHTML, like Gecko) Chrome/66.0.3359.181 Safari/537.36"
[2018-07-26T23:04:45.412] [INFO] http - ::1 - - "GET /static/img/hero_icon/axe_hphover.png HTTP/1.1" 200 47736 "http://localhost:3000/" "Mozilla/5.0 (Windows NT 10.0; Win64; x64) AppleWebKit/537.36 (KHTML, like Gecko) Chrome/66.0.3359.181 Safari/537.36"
[2018-07-26T23:04:45.441] [INFO] http - ::1 - - "GET /static/img/hero_icon/tusk_hphover.png HTTP/1.1" 200 48260 "http://localhost:3000/" "Mozilla/5.0 (Windows NT 10.0; Win64; x64) AppleWebKit/537.36 (KHTML, like Gecko) Chrome/66.0.3359.181 Safari/537.36"
[2018-07-26T23:04:45.452] [INFO] http - ::1 - - "GET /static/img/hero_icon/broodmother_hphover.png HTTP/1.1" 200 49469 "http://localhost:3000/" "Mozilla/5.0 (Windows NT 10.0; Win64; x64) AppleWebKit/537.36 (KHTML, like Gecko) Chrome/66.0.3359.181 Safari/537.36"
[2018-07-26T23:04:45.479] [INFO] http - ::1 - - "GET /static/img/hero_icon/dragon_knight_hphover.png HTTP/1.1" 200 46483 "http://localhost:3000/" "Mozilla/5.0 (Windows NT 10.0; Win64; x64) AppleWebKit/537.36 (KHTML, like Gecko) Chrome/66.0.3359.181 Safari/537.36"
[2018-07-26T23:04:45.492] [INFO] http - ::1 - - "GET /static/img/hero_icon/spirit_breaker_hphover.png HTTP/1.1" 200 44255 "http://localhost:3000/" "Mozilla/5.0 (Windows NT 10.0; Win64; x64) AppleWebKit/537.36 (KHTML, like Gecko) Chrome/66.0.3359.181 Safari/537.36"
[2018-07-26T23:04:45.504] [INFO] http - ::1 - - "GET /static/img/hero_icon/juggernaut_hphover.png HTTP/1.1" 200 47565 "http://localhost:3000/" "Mozilla/5.0 (Windows NT 10.0; Win64; x64) AppleWebKit/537.36 (KHTML, like Gecko) Chrome/66.0.3359.181 Safari/537.36"
[2018-07-26T23:06:09.418] [INFO] http - ::1 - - "POST /api/player/getUserInfoByAccount HTTP/1.1" 200 931 "http://localhost:3000/" "Mozilla/5.0 (Windows NT 10.0; Win64; x64) AppleWebKit/537.36 (KHTML, like Gecko) Chrome/66.0.3359.181 Safari/537.36"
[2018-07-26T23:06:10.314] [INFO] http - ::1 - - "POST /api/player/getRecentMatchesByAccount HTTP/1.1" 200 14 "http://localhost:3000/" "Mozilla/5.0 (Windows NT 10.0; Win64; x64) AppleWebKit/537.36 (KHTML, like Gecko) Chrome/66.0.3359.181 Safari/537.36"
[2018-07-26T23:06:11.810] [WARN] http - ::1 - - "GET /api/player/getAllMatches/121320102 HTTP/1.1" 304 - "http://localhost:3000/" "Mozilla/5.0 (Windows NT 10.0; Win64; x64) AppleWebKit/537.36 (KHTML, like Gecko) Chrome/66.0.3359.181 Safari/537.36"
[2018-07-26T23:06:13.489] [WARN] http - ::1 - - "GET /static/css/app.77a2beda8eaf76388aa2d0d9c3b13bfc.css HTTP/1.1" 304 - "http://localhost:3000/" "Mozilla/5.0 (Windows NT 10.0; Win64; x64) AppleWebKit/537.36 (KHTML, like Gecko) Chrome/66.0.3359.181 Safari/537.36"
[2018-07-26T23:06:13.505] [WARN] http - ::1 - - "GET /static/js/manifest.2ae2e69a05c33dfc65f8.js.map HTTP/1.1" 304 - "" "Mozilla/5.0 (Windows NT 10.0; Win64; x64) AppleWebKit/537.36 (KHTML, like Gecko) Chrome/66.0.3359.181 Safari/537.36"
[2018-07-26T23:06:13.507] [WARN] http - ::1 - - "GET /static/js/vendor.243cb2a0c7b566170af1.js.map HTTP/1.1" 304 - "" "Mozilla/5.0 (Windows NT 10.0; Win64; x64) AppleWebKit/537.36 (KHTML, like Gecko) Chrome/66.0.3359.181 Safari/537.36"
[2018-07-26T23:06:13.508] [WARN] http - ::1 - - "GET /static/js/app.73dde913238b1392d353.js.map HTTP/1.1" 304 - "" "Mozilla/5.0 (Windows NT 10.0; Win64; x64) AppleWebKit/537.36 (KHTML, like Gecko) Chrome/66.0.3359.181 Safari/537.36"
[2018-07-26T23:06:13.514] [WARN] http - ::1 - - "GET /static/css/app.77a2beda8eaf76388aa2d0d9c3b13bfc.css.map HTTP/1.1" 304 - "" "Mozilla/5.0 (Windows NT 10.0; Win64; x64) AppleWebKit/537.36 (KHTML, like Gecko) Chrome/66.0.3359.181 Safari/537.36"
[2018-07-26T23:06:19.627] [INFO] http - ::1 - - "POST /api/player/getUserInfoByAccount HTTP/1.1" 200 931 "http://localhost:3000/" "Mozilla/5.0 (Windows NT 10.0; Win64; x64) AppleWebKit/537.36 (KHTML, like Gecko) Chrome/66.0.3359.181 Safari/537.36"
[2018-07-26T23:06:20.663] [INFO] http - ::1 - - "POST /api/player/getRecentMatchesByAccount HTTP/1.1" 200 14 "http://localhost:3000/" "Mozilla/5.0 (Windows NT 10.0; Win64; x64) AppleWebKit/537.36 (KHTML, like Gecko) Chrome/66.0.3359.181 Safari/537.36"
[2018-07-26T23:06:22.236] [WARN] http - ::1 - - "GET /api/player/getAllMatches/121320102 HTTP/1.1" 304 - "http://localhost:3000/" "Mozilla/5.0 (Windows NT 10.0; Win64; x64) AppleWebKit/537.36 (KHTML, like Gecko) Chrome/66.0.3359.181 Safari/537.36"
[2018-07-26T23:07:47.809] [WARN] http - ::1 - - "GET / HTTP/1.1" 304 - "" "Mozilla/5.0 (Windows NT 10.0; Win64; x64) AppleWebKit/537.36 (KHTML, like Gecko) Chrome/66.0.3359.181 Safari/537.36"
[2018-07-26T23:07:47.829] [WARN] http - ::1 - - "GET /static/css/app.77a2beda8eaf76388aa2d0d9c3b13bfc.css HTTP/1.1" 304 - "http://localhost:3000/" "Mozilla/5.0 (Windows NT 10.0; Win64; x64) AppleWebKit/537.36 (KHTML, like Gecko) Chrome/66.0.3359.181 Safari/537.36"
[2018-07-26T23:07:47.830] [WARN] http - ::1 - - "GET /static/js/manifest.2ae2e69a05c33dfc65f8.js HTTP/1.1" 304 - "http://localhost:3000/" "Mozilla/5.0 (Windows NT 10.0; Win64; x64) AppleWebKit/537.36 (KHTML, like Gecko) Chrome/66.0.3359.181 Safari/537.36"
[2018-07-26T23:07:47.831] [WARN] http - ::1 - - "GET /static/js/vendor.243cb2a0c7b566170af1.js HTTP/1.1" 304 - "http://localhost:3000/" "Mozilla/5.0 (Windows NT 10.0; Win64; x64) AppleWebKit/537.36 (KHTML, like Gecko) Chrome/66.0.3359.181 Safari/537.36"
[2018-07-26T23:07:47.832] [WARN] http - ::1 - - "GET /static/js/app.73dde913238b1392d353.js HTTP/1.1" 304 - "http://localhost:3000/" "Mozilla/5.0 (Windows NT 10.0; Win64; x64) AppleWebKit/537.36 (KHTML, like Gecko) Chrome/66.0.3359.181 Safari/537.36"
[2018-07-26T23:07:48.202] [WARN] http - ::1 - - "GET /static/js/manifest.2ae2e69a05c33dfc65f8.js.map HTTP/1.1" 304 - "" "Mozilla/5.0 (Windows NT 10.0; Win64; x64) AppleWebKit/537.36 (KHTML, like Gecko) Chrome/66.0.3359.181 Safari/537.36"
[2018-07-26T23:07:48.215] [WARN] http - ::1 - - "GET /static/js/vendor.243cb2a0c7b566170af1.js.map HTTP/1.1" 304 - "" "Mozilla/5.0 (Windows NT 10.0; Win64; x64) AppleWebKit/537.36 (KHTML, like Gecko) Chrome/66.0.3359.181 Safari/537.36"
[2018-07-26T23:07:48.530] [WARN] http - ::1 - - "GET /static/js/app.73dde913238b1392d353.js.map HTTP/1.1" 304 - "" "Mozilla/5.0 (Windows NT 10.0; Win64; x64) AppleWebKit/537.36 (KHTML, like Gecko) Chrome/66.0.3359.181 Safari/537.36"
[2018-07-26T23:07:48.657] [WARN] http - ::1 - - "GET /static/css/app.77a2beda8eaf76388aa2d0d9c3b13bfc.css.map HTTP/1.1" 304 - "" "Mozilla/5.0 (Windows NT 10.0; Win64; x64) AppleWebKit/537.36 (KHTML, like Gecko) Chrome/66.0.3359.181 Safari/537.36"
[2018-07-26T23:08:07.983] [INFO] http - ::1 - - "GET /api/player/getonematchdetail/4019094462 HTTP/1.1" 200 12858 "http://localhost:3000/" "Mozilla/5.0 (Windows NT 10.0; Win64; x64) AppleWebKit/537.36 (KHTML, like Gecko) Chrome/66.0.3359.181 Safari/537.36"
[2018-07-26T23:08:08.018] [INFO] http - ::1 - - "POST /api/player/getUserInfoByAccount HTTP/1.1" 200 931 "http://localhost:3000/" "Mozilla/5.0 (Windows NT 10.0; Win64; x64) AppleWebKit/537.36 (KHTML, like Gecko) Chrome/66.0.3359.181 Safari/537.36"
[2018-07-26T23:08:08.512] [INFO] http - ::1 - - "POST /api/player/getUserInfoByAccount HTTP/1.1" 200 679 "http://localhost:3000/" "Mozilla/5.0 (Windows NT 10.0; Win64; x64) AppleWebKit/537.36 (KHTML, like Gecko) Chrome/66.0.3359.181 Safari/537.36"
[2018-07-26T23:08:08.527] [INFO] http - ::1 - - "POST /api/player/getUserInfoByAccount HTTP/1.1" 200 741 "http://localhost:3000/" "Mozilla/5.0 (Windows NT 10.0; Win64; x64) AppleWebKit/537.36 (KHTML, like Gecko) Chrome/66.0.3359.181 Safari/537.36"
[2018-07-26T23:08:08.557] [INFO] http - ::1 - - "POST /api/player/getUserInfoByAccount HTTP/1.1" 200 747 "http://localhost:3000/" "Mozilla/5.0 (Windows NT 10.0; Win64; x64) AppleWebKit/537.36 (KHTML, like Gecko) Chrome/66.0.3359.181 Safari/537.36"
[2018-07-26T23:08:08.578] [INFO] http - ::1 - - "POST /api/player/getUserInfoByAccount HTTP/1.1" 200 730 "http://localhost:3000/" "Mozilla/5.0 (Windows NT 10.0; Win64; x64) AppleWebKit/537.36 (KHTML, like Gecko) Chrome/66.0.3359.181 Safari/537.36"
[2018-07-26T23:08:08.896] [WARN] http - ::1 - - "GET /static/img/hero_icon/ursa_hphover.png HTTP/1.1" 304 - "http://localhost:3000/" "Mozilla/5.0 (Windows NT 10.0; Win64; x64) AppleWebKit/537.36 (KHTML, like Gecko) Chrome/66.0.3359.181 Safari/537.36"
[2018-07-26T23:08:08.919] [INFO] http - ::1 - - "GET /static/img/hero_icon/chaos_knight_hphover.png HTTP/1.1" 200 46024 "http://localhost:3000/" "Mozilla/5.0 (Windows NT 10.0; Win64; x64) AppleWebKit/537.36 (KHTML, like Gecko) Chrome/66.0.3359.181 Safari/537.36"
[2018-07-26T23:08:08.920] [INFO] http - ::1 - - "GET /static/img/hero_icon/monkey_king_hphover.png HTTP/1.1" 200 19926 "http://localhost:3000/" "Mozilla/5.0 (Windows NT 10.0; Win64; x64) AppleWebKit/537.36 (KHTML, like Gecko) Chrome/66.0.3359.181 Safari/537.36"
[2018-07-26T23:08:08.979] [INFO] http - ::1 - - "GET /static/img/hero_icon/dazzle_hphover.png HTTP/1.1" 200 48130 "http://localhost:3000/" "Mozilla/5.0 (Windows NT 10.0; Win64; x64) AppleWebKit/537.36 (KHTML, like Gecko) Chrome/66.0.3359.181 Safari/537.36"
[2018-07-26T23:08:08.986] [INFO] http - ::1 - - "GET /static/img/hero_icon/night_stalker_hphover.png HTTP/1.1" 200 46981 "http://localhost:3000/" "Mozilla/5.0 (Windows NT 10.0; Win64; x64) AppleWebKit/537.36 (KHTML, like Gecko) Chrome/66.0.3359.181 Safari/537.36"
[2018-07-26T23:08:08.999] [INFO] http - ::1 - - "GET /static/img/null_head_icon.png HTTP/1.1" 200 844 "http://localhost:3000/" "Mozilla/5.0 (Windows NT 10.0; Win64; x64) AppleWebKit/537.36 (KHTML, like Gecko) Chrome/66.0.3359.181 Safari/537.36"
[2018-07-26T23:08:09.057] [INFO] http - ::1 - - "GET /static/img/Items/tpscroll_lg.png HTTP/1.1" 200 9480 "http://localhost:3000/" "Mozilla/5.0 (Windows NT 10.0; Win64; x64) AppleWebKit/537.36 (KHTML, like Gecko) Chrome/66.0.3359.181 Safari/537.36"
[2018-07-26T23:08:09.081] [INFO] http - ::1 - - "GET /static/img/Items/manta_lg.png HTTP/1.1" 200 10161 "http://localhost:3000/" "Mozilla/5.0 (Windows NT 10.0; Win64; x64) AppleWebKit/537.36 (KHTML, like Gecko) Chrome/66.0.3359.181 Safari/537.36"
[2018-07-26T23:08:09.109] [INFO] http - ::1 - - "GET /static/img/Items/mithril_hammer_lg.png HTTP/1.1" 200 9870 "http://localhost:3000/" "Mozilla/5.0 (Windows NT 10.0; Win64; x64) AppleWebKit/537.36 (KHTML, like Gecko) Chrome/66.0.3359.181 Safari/537.36"
[2018-07-26T23:08:09.119] [INFO] http - ::1 - - "GET /static/img/Items/power_treads_lg.png HTTP/1.1" 200 9902 "http://localhost:3000/" "Mozilla/5.0 (Windows NT 10.0; Win64; x64) AppleWebKit/537.36 (KHTML, like Gecko) Chrome/66.0.3359.181 Safari/537.36"
[2018-07-26T23:08:09.135] [INFO] http - ::1 - - "GET /static/img/Items/echo_sabre_lg.png HTTP/1.1" 200 11727 "http://localhost:3000/" "Mozilla/5.0 (Windows NT 10.0; Win64; x64) AppleWebKit/537.36 (KHTML, like Gecko) Chrome/66.0.3359.181 Safari/537.36"
[2018-07-26T23:08:09.254] [INFO] http - ::1 - - "GET /static/img/Items/assault_lg.png HTTP/1.1" 200 12718 "http://localhost:3000/" "Mozilla/5.0 (Windows NT 10.0; Win64; x64) AppleWebKit/537.36 (KHTML, like Gecko) Chrome/66.0.3359.181 Safari/537.36"
[2018-07-26T23:08:09.323] [INFO] http - ::1 - - "GET /static/img/Items/force_staff_lg.png HTTP/1.1" 200 9680 "http://localhost:3000/" "Mozilla/5.0 (Windows NT 10.0; Win64; x64) AppleWebKit/537.36 (KHTML, like Gecko) Chrome/66.0.3359.181 Safari/537.36"
[2018-07-26T23:08:09.328] [INFO] http - ::1 - - "GET /static/img/Items/blight_stone_lg.png HTTP/1.1" 200 12524 "http://localhost:3000/" "Mozilla/5.0 (Windows NT 10.0; Win64; x64) AppleWebKit/537.36 (KHTML, like Gecko) Chrome/66.0.3359.181 Safari/537.36"
[2018-07-26T23:08:09.334] [INFO] http - ::1 - - "GET /static/img/Items/spirit_vessel_lg.png HTTP/1.1" 200 12183 "http://localhost:3000/" "Mozilla/5.0 (Windows NT 10.0; Win64; x64) AppleWebKit/537.36 (KHTML, like Gecko) Chrome/66.0.3359.181 Safari/537.36"
[2018-07-26T23:08:09.417] [INFO] http - ::1 - - "GET /static/img/Items/magic_wand_lg.png HTTP/1.1" 200 8001 "http://localhost:3000/" "Mozilla/5.0 (Windows NT 10.0; Win64; x64) AppleWebKit/537.36 (KHTML, like Gecko) Chrome/66.0.3359.181 Safari/537.36"
[2018-07-26T23:08:09.431] [INFO] http - ::1 - - "GET /static/img/Items/arcane_boots_lg.png HTTP/1.1" 200 8924 "http://localhost:3000/" "Mozilla/5.0 (Windows NT 10.0; Win64; x64) AppleWebKit/537.36 (KHTML, like Gecko) Chrome/66.0.3359.181 Safari/537.36"
[2018-07-26T23:08:09.454] [INFO] http - ::1 - - "GET /static/img/Items/recipe_aeon_disk_lg.png HTTP/1.1" 200 6795 "http://localhost:3000/" "Mozilla/5.0 (Windows NT 10.0; Win64; x64) AppleWebKit/537.36 (KHTML, like Gecko) Chrome/66.0.3359.181 Safari/537.36"
[2018-07-26T23:08:09.460] [INFO] http - ::1 - - "GET /static/img/Items/urn_of_shadows_lg.png HTTP/1.1" 200 10452 "http://localhost:3000/" "Mozilla/5.0 (Windows NT 10.0; Win64; x64) AppleWebKit/537.36 (KHTML, like Gecko) Chrome/66.0.3359.181 Safari/537.36"
[2018-07-26T23:08:09.476] [INFO] http - ::1 - - "GET /static/img/Items/phase_boots_lg.png HTTP/1.1" 200 10160 "http://localhost:3000/" "Mozilla/5.0 (Windows NT 10.0; Win64; x64) AppleWebKit/537.36 (KHTML, like Gecko) Chrome/66.0.3359.181 Safari/537.36"
[2018-07-26T23:08:09.485] [INFO] http - ::1 - - "GET /static/img/Items/ultimate_scepter_lg.png HTTP/1.1" 200 10182 "http://localhost:3000/" "Mozilla/5.0 (Windows NT 10.0; Win64; x64) AppleWebKit/537.36 (KHTML, like Gecko) Chrome/66.0.3359.181 Safari/537.36"
[2018-07-26T23:08:09.517] [INFO] http - ::1 - - "GET /static/img/Items/black_king_bar_lg.png HTTP/1.1" 200 10511 "http://localhost:3000/" "Mozilla/5.0 (Windows NT 10.0; Win64; x64) AppleWebKit/537.36 (KHTML, like Gecko) Chrome/66.0.3359.181 Safari/537.36"
[2018-07-26T23:08:09.522] [INFO] http - ::1 - - "GET /static/img/Items/wind_lace_lg.png HTTP/1.1" 200 12620 "http://localhost:3000/" "Mozilla/5.0 (Windows NT 10.0; Win64; x64) AppleWebKit/537.36 (KHTML, like Gecko) Chrome/66.0.3359.181 Safari/537.36"
[2018-07-26T23:08:09.543] [INFO] http - ::1 - - "GET /static/img/Items/recipe_spirit_vessel_lg.png HTTP/1.1" 200 6592 "http://localhost:3000/" "Mozilla/5.0 (Windows NT 10.0; Win64; x64) AppleWebKit/537.36 (KHTML, like Gecko) Chrome/66.0.3359.181 Safari/537.36"
[2018-07-26T23:08:09.552] [INFO] http - ::1 - - "GET /static/img/Items/bfury_lg.png HTTP/1.1" 200 10169 "http://localhost:3000/" "Mozilla/5.0 (Windows NT 10.0; Win64; x64) AppleWebKit/537.36 (KHTML, like Gecko) Chrome/66.0.3359.181 Safari/537.36"
[2018-07-26T23:08:09.563] [INFO] http - ::1 - - "GET /static/img/Items/dust_lg.png HTTP/1.1" 200 10685 "http://localhost:3000/" "Mozilla/5.0 (Windows NT 10.0; Win64; x64) AppleWebKit/537.36 (KHTML, like Gecko) Chrome/66.0.3359.181 Safari/537.36"
[2018-07-26T23:08:09.590] [INFO] http - ::1 - - "GET /static/img/Items/silver_edge_lg.png HTTP/1.1" 200 11091 "http://localhost:3000/" "Mozilla/5.0 (Windows NT 10.0; Win64; x64) AppleWebKit/537.36 (KHTML, like Gecko) Chrome/66.0.3359.181 Safari/537.36"
[2018-07-26T23:08:09.604] [INFO] http - ::1 - - "GET /static/img/Items/blink_lg.png HTTP/1.1" 200 10959 "http://localhost:3000/" "Mozilla/5.0 (Windows NT 10.0; Win64; x64) AppleWebKit/537.36 (KHTML, like Gecko) Chrome/66.0.3359.181 Safari/537.36"
[2018-07-26T23:08:09.616] [INFO] http - ::1 - - "GET /static/img/Items/stout_shield_lg.png HTTP/1.1" 200 8778 "http://localhost:3000/" "Mozilla/5.0 (Windows NT 10.0; Win64; x64) AppleWebKit/537.36 (KHTML, like Gecko) Chrome/66.0.3359.181 Safari/537.36"
[2018-07-26T23:08:09.647] [INFO] http - ::1 - - "POST /api/player/getUserInfoByAccount HTTP/1.1" 200 726 "http://localhost:3000/" "Mozilla/5.0 (Windows NT 10.0; Win64; x64) AppleWebKit/537.36 (KHTML, like Gecko) Chrome/66.0.3359.181 Safari/537.36"
[2018-07-26T23:08:09.675] [INFO] http - ::1 - - "GET /static/img/Items/lifesteal_lg.png HTTP/1.1" 200 8784 "http://localhost:3000/" "Mozilla/5.0 (Windows NT 10.0; Win64; x64) AppleWebKit/537.36 (KHTML, like Gecko) Chrome/66.0.3359.181 Safari/537.36"
[2018-07-26T23:08:09.678] [INFO] http - ::1 - - "GET /static/img/Items/basher_lg.png HTTP/1.1" 200 10574 "http://localhost:3000/" "Mozilla/5.0 (Windows NT 10.0; Win64; x64) AppleWebKit/537.36 (KHTML, like Gecko) Chrome/66.0.3359.181 Safari/537.36"
[2018-07-26T23:08:09.703] [INFO] http - ::1 - - "GET /static/img/Items/wraith_band_lg.png HTTP/1.1" 200 9187 "http://localhost:3000/" "Mozilla/5.0 (Windows NT 10.0; Win64; x64) AppleWebKit/537.36 (KHTML, like Gecko) Chrome/66.0.3359.181 Safari/537.36"
[2018-07-26T23:08:09.710] [INFO] http - ::1 - - "GET /static/img/hero_icon/mirana_hphover.png HTTP/1.1" 200 47026 "http://localhost:3000/" "Mozilla/5.0 (Windows NT 10.0; Win64; x64) AppleWebKit/537.36 (KHTML, like Gecko) Chrome/66.0.3359.181 Safari/537.36"
[2018-07-26T23:08:09.725] [INFO] http - ::1 - - "GET /static/img/Items/mjollnir_lg.png HTTP/1.1" 200 10686 "http://localhost:3000/" "Mozilla/5.0 (Windows NT 10.0; Win64; x64) AppleWebKit/537.36 (KHTML, like Gecko) Chrome/66.0.3359.181 Safari/537.36"
[2018-07-26T23:08:09.730] [INFO] http - ::1 - - "GET /static/img/Items/bottle_lg.png HTTP/1.1" 200 8462 "http://localhost:3000/" "Mozilla/5.0 (Windows NT 10.0; Win64; x64) AppleWebKit/537.36 (KHTML, like Gecko) Chrome/66.0.3359.181 Safari/537.36"
[2018-07-26T23:08:09.790] [INFO] http - ::1 - - "GET /static/img/hero_icon/bristleback_hphover.png HTTP/1.1" 200 47825 "http://localhost:3000/" "Mozilla/5.0 (Windows NT 10.0; Win64; x64) AppleWebKit/537.36 (KHTML, like Gecko) Chrome/66.0.3359.181 Safari/537.36"
[2018-07-26T23:08:09.813] [INFO] http - ::1 - - "GET /static/img/hero_icon/magnataur_hphover.png HTTP/1.1" 200 46736 "http://localhost:3000/" "Mozilla/5.0 (Windows NT 10.0; Win64; x64) AppleWebKit/537.36 (KHTML, like Gecko) Chrome/66.0.3359.181 Safari/537.36"
[2018-07-26T23:08:09.815] [INFO] http - ::1 - - "GET /static/img/Items/shivas_guard_lg.png HTTP/1.1" 200 12068 "http://localhost:3000/" "Mozilla/5.0 (Windows NT 10.0; Win64; x64) AppleWebKit/537.36 (KHTML, like Gecko) Chrome/66.0.3359.181 Safari/537.36"
[2018-07-26T23:08:09.824] [WARN] http - ::1 - - "GET /static/img/hero_icon/spirit_breaker_hphover.png HTTP/1.1" 304 - "http://localhost:3000/" "Mozilla/5.0 (Windows NT 10.0; Win64; x64) AppleWebKit/537.36 (KHTML, like Gecko) Chrome/66.0.3359.181 Safari/537.36"
[2018-07-26T23:08:09.826] [INFO] http - ::1 - - "GET /static/img/Items/blade_mail_lg.png HTTP/1.1" 200 10189 "http://localhost:3000/" "Mozilla/5.0 (Windows NT 10.0; Win64; x64) AppleWebKit/537.36 (KHTML, like Gecko) Chrome/66.0.3359.181 Safari/537.36"
[2018-07-26T23:08:09.845] [INFO] http - ::1 - - "POST /api/player/getUserInfoByAccount HTTP/1.1" 200 730 "http://localhost:3000/" "Mozilla/5.0 (Windows NT 10.0; Win64; x64) AppleWebKit/537.36 (KHTML, like Gecko) Chrome/66.0.3359.181 Safari/537.36"
[2018-07-26T23:08:09.887] [INFO] http - ::1 - - "GET /static/img/Items/ring_of_health_lg.png HTTP/1.1" 200 7804 "http://localhost:3000/" "Mozilla/5.0 (Windows NT 10.0; Win64; x64) AppleWebKit/537.36 (KHTML, like Gecko) Chrome/66.0.3359.181 Safari/537.36"
[2018-07-26T23:08:09.891] [INFO] http - ::1 - - "GET /static/img/Items/heavens_halberd_lg.png HTTP/1.1" 200 10391 "http://localhost:3000/" "Mozilla/5.0 (Windows NT 10.0; Win64; x64) AppleWebKit/537.36 (KHTML, like Gecko) Chrome/66.0.3359.181 Safari/537.36"
[2018-07-26T23:08:09.952] [INFO] http - ::1 - - "GET /static/img/Items/vanguard_lg.png HTTP/1.1" 200 11070 "http://localhost:3000/" "Mozilla/5.0 (Windows NT 10.0; Win64; x64) AppleWebKit/537.36 (KHTML, like Gecko) Chrome/66.0.3359.181 Safari/537.36"
[2018-07-26T23:08:09.963] [INFO] http - ::1 - - "GET /static/img/Items/octarine_core_lg.png HTTP/1.1" 200 12759 "http://localhost:3000/" "Mozilla/5.0 (Windows NT 10.0; Win64; x64) AppleWebKit/537.36 (KHTML, like Gecko) Chrome/66.0.3359.181 Safari/537.36"
[2018-07-26T23:08:09.974] [INFO] http - ::1 - - "GET /static/img/Items/bracer_lg.png HTTP/1.1" 200 7956 "http://localhost:3000/" "Mozilla/5.0 (Windows NT 10.0; Win64; x64) AppleWebKit/537.36 (KHTML, like Gecko) Chrome/66.0.3359.181 Safari/537.36"
[2018-07-26T23:08:10.034] [INFO] http - ::1 - - "GET /static/img/hero_icon/alchemist_hphover.png HTTP/1.1" 200 49206 "http://localhost:3000/" "Mozilla/5.0 (Windows NT 10.0; Win64; x64) AppleWebKit/537.36 (KHTML, like Gecko) Chrome/66.0.3359.181 Safari/537.36"
[2018-07-26T23:08:10.039] [INFO] http - ::1 - - "GET /static/img/Items/travel_boots_lg.png HTTP/1.1" 200 9986 "http://localhost:3000/" "Mozilla/5.0 (Windows NT 10.0; Win64; x64) AppleWebKit/537.36 (KHTML, like Gecko) Chrome/66.0.3359.181 Safari/537.36"
[2018-07-26T23:08:10.124] [INFO] http - ::1 - - "GET /static/img/Items/radiance_lg.png HTTP/1.1" 200 10505 "http://localhost:3000/" "Mozilla/5.0 (Windows NT 10.0; Win64; x64) AppleWebKit/537.36 (KHTML, like Gecko) Chrome/66.0.3359.181 Safari/537.36"
[2018-07-26T23:08:10.822] [INFO] http - ::1 - - "POST /api/player/getUserInfoByAccount HTTP/1.1" 200 797 "http://localhost:3000/" "Mozilla/5.0 (Windows NT 10.0; Win64; x64) AppleWebKit/537.36 (KHTML, like Gecko) Chrome/66.0.3359.181 Safari/537.36"
[2018-07-26T23:08:33.334] [INFO] http - ::1 - - "POST /api/player/getUserInfoByAccount HTTP/1.1" 200 931 "http://localhost:3000/" "Mozilla/5.0 (Windows NT 10.0; Win64; x64) AppleWebKit/537.36 (KHTML, like Gecko) Chrome/66.0.3359.181 Safari/537.36"
[2018-07-26T23:08:33.344] [WARN] http - ::1 - - "GET /static/img/rank/rank_icon_3.png HTTP/1.1" 304 - "http://localhost:3000/" "Mozilla/5.0 (Windows NT 10.0; Win64; x64) AppleWebKit/537.36 (KHTML, like Gecko) Chrome/66.0.3359.181 Safari/537.36"
[2018-07-26T23:08:33.345] [WARN] http - ::1 - - "GET /static/img/rank/rank_star_3.png HTTP/1.1" 304 - "http://localhost:3000/" "Mozilla/5.0 (Windows NT 10.0; Win64; x64) AppleWebKit/537.36 (KHTML, like Gecko) Chrome/66.0.3359.181 Safari/537.36"
[2018-07-26T23:08:34.361] [INFO] http - ::1 - - "POST /api/player/getRecentMatchesByAccount HTTP/1.1" 200 14 "http://localhost:3000/" "Mozilla/5.0 (Windows NT 10.0; Win64; x64) AppleWebKit/537.36 (KHTML, like Gecko) Chrome/66.0.3359.181 Safari/537.36"
[2018-07-26T23:08:35.942] [WARN] http - ::1 - - "GET /api/player/getAllMatches/121320102 HTTP/1.1" 304 - "http://localhost:3000/" "Mozilla/5.0 (Windows NT 10.0; Win64; x64) AppleWebKit/537.36 (KHTML, like Gecko) Chrome/66.0.3359.181 Safari/537.36"
[2018-07-26T23:08:36.577] [WARN] http - ::1 - - "GET /static/img/hero_icon/rattletrap_hphover.png HTTP/1.1" 304 - "http://localhost:3000/" "Mozilla/5.0 (Windows NT 10.0; Win64; x64) AppleWebKit/537.36 (KHTML, like Gecko) Chrome/66.0.3359.181 Safari/537.36"
[2018-07-26T23:08:36.578] [WARN] http - ::1 - - "GET /static/img/hero_icon/earthshaker_hphover.png HTTP/1.1" 304 - "http://localhost:3000/" "Mozilla/5.0 (Windows NT 10.0; Win64; x64) AppleWebKit/537.36 (KHTML, like Gecko) Chrome/66.0.3359.181 Safari/537.36"
[2018-07-26T23:08:36.578] [WARN] http - ::1 - - "GET /static/img/hero_icon/witch_doctor_hphover.png HTTP/1.1" 304 - "http://localhost:3000/" "Mozilla/5.0 (Windows NT 10.0; Win64; x64) AppleWebKit/537.36 (KHTML, like Gecko) Chrome/66.0.3359.181 Safari/537.36"
[2018-07-26T23:08:36.579] [WARN] http - ::1 - - "GET /static/img/hero_icon/silencer_hphover.png HTTP/1.1" 304 - "http://localhost:3000/" "Mozilla/5.0 (Windows NT 10.0; Win64; x64) AppleWebKit/537.36 (KHTML, like Gecko) Chrome/66.0.3359.181 Safari/537.36"
[2018-07-26T23:08:36.579] [WARN] http - ::1 - - "GET /static/img/hero_icon/kunkka_hphover.png HTTP/1.1" 304 - "http://localhost:3000/" "Mozilla/5.0 (Windows NT 10.0; Win64; x64) AppleWebKit/537.36 (KHTML, like Gecko) Chrome/66.0.3359.181 Safari/537.36"
[2018-07-26T23:08:36.582] [WARN] http - ::1 - - "GET /static/img/hero_icon/life_stealer_hphover.png HTTP/1.1" 304 - "http://localhost:3000/" "Mozilla/5.0 (Windows NT 10.0; Win64; x64) AppleWebKit/537.36 (KHTML, like Gecko) Chrome/66.0.3359.181 Safari/537.36"
[2018-07-26T23:08:36.583] [WARN] http - ::1 - - "GET /static/img/hero_icon/obsidian_destroyer_hphover.png HTTP/1.1" 304 - "http://localhost:3000/" "Mozilla/5.0 (Windows NT 10.0; Win64; x64) AppleWebKit/537.36 (KHTML, like Gecko) Chrome/66.0.3359.181 Safari/537.36"
[2018-07-26T23:08:36.584] [WARN] http - ::1 - - "GET /static/img/hero_icon/broodmother_hphover.png HTTP/1.1" 304 - "http://localhost:3000/" "Mozilla/5.0 (Windows NT 10.0; Win64; x64) AppleWebKit/537.36 (KHTML, like Gecko) Chrome/66.0.3359.181 Safari/537.36"
[2018-07-26T23:08:36.587] [WARN] http - ::1 - - "GET /static/img/hero_icon/slardar_hphover.png HTTP/1.1" 304 - "http://localhost:3000/" "Mozilla/5.0 (Windows NT 10.0; Win64; x64) AppleWebKit/537.36 (KHTML, like Gecko) Chrome/66.0.3359.181 Safari/537.36"
[2018-07-26T23:08:36.588] [WARN] http - ::1 - - "GET /static/img/hero_icon/axe_hphover.png HTTP/1.1" 304 - "http://localhost:3000/" "Mozilla/5.0 (Windows NT 10.0; Win64; x64) AppleWebKit/537.36 (KHTML, like Gecko) Chrome/66.0.3359.181 Safari/537.36"
[2018-07-26T23:08:36.588] [WARN] http - ::1 - - "GET /static/img/hero_icon/enchantress_hphover.png HTTP/1.1" 304 - "http://localhost:3000/" "Mozilla/5.0 (Windows NT 10.0; Win64; x64) AppleWebKit/537.36 (KHTML, like Gecko) Chrome/66.0.3359.181 Safari/537.36"
[2018-07-26T23:08:36.589] [WARN] http - ::1 - - "GET /static/img/hero_icon/tusk_hphover.png HTTP/1.1" 304 - "http://localhost:3000/" "Mozilla/5.0 (Windows NT 10.0; Win64; x64) AppleWebKit/537.36 (KHTML, like Gecko) Chrome/66.0.3359.181 Safari/537.36"
[2018-07-26T23:08:36.589] [WARN] http - ::1 - - "GET /static/img/hero_icon/dragon_knight_hphover.png HTTP/1.1" 304 - "http://localhost:3000/" "Mozilla/5.0 (Windows NT 10.0; Win64; x64) AppleWebKit/537.36 (KHTML, like Gecko) Chrome/66.0.3359.181 Safari/537.36"
[2018-07-26T23:08:36.590] [WARN] http - ::1 - - "GET /static/img/hero_icon/juggernaut_hphover.png HTTP/1.1" 304 - "http://localhost:3000/" "Mozilla/5.0 (Windows NT 10.0; Win64; x64) AppleWebKit/537.36 (KHTML, like Gecko) Chrome/66.0.3359.181 Safari/537.36"
[2018-07-26T23:12:27.648] [INFO] http - ::1 - - "POST /api/player/getUserInfoByAccount HTTP/1.1" 200 931 "http://localhost:3000/" "Mozilla/5.0 (Windows NT 10.0; Win64; x64) AppleWebKit/537.36 (KHTML, like Gecko) Chrome/66.0.3359.181 Safari/537.36"
[2018-07-26T23:12:28.688] [INFO] http - ::1 - - "POST /api/player/getRecentMatchesByAccount HTTP/1.1" 200 14 "http://localhost:3000/" "Mozilla/5.0 (Windows NT 10.0; Win64; x64) AppleWebKit/537.36 (KHTML, like Gecko) Chrome/66.0.3359.181 Safari/537.36"
[2018-07-26T23:12:30.499] [WARN] http - ::1 - - "GET /api/player/getAllMatches/121320102 HTTP/1.1" 304 - "http://localhost:3000/" "Mozilla/5.0 (Windows NT 10.0; Win64; x64) AppleWebKit/537.36 (KHTML, like Gecko) Chrome/66.0.3359.181 Safari/537.36"
